<?xml version="1.0" encoding="UTF-8"?>
<Site BuildName="(empty)"
	BuildStamp="20240531-2104-Experimental"
	Name="cohrint"
	Generator="ctest-3.16.3"
	CompilerName="/usr/bin/c++"
	CompilerVersion="9.4.0"
	OSName="Linux"
	Hostname="cohrint"
	OSRelease="5.15.0-105-generic"
	OSVersion="#115~20.04.1-Ubuntu SMP Mon Apr 15 17:33:04 UTC 2024"
	OSPlatform="x86_64"
	Is64Bits="1"
	VendorString="GenuineIntel"
	VendorID="Intel Corporation"
	FamilyID="6"
	ModelID="158"
	ProcessorCacheSize="12288"
	NumberOfLogicalCPU="12"
	NumberOfPhysicalCPU="6"
	TotalVirtualMemory="2047"
	TotalPhysicalMemory="31932"
	LogicalProcessorsPerPhysical="2"
	ProcessorClockFrequency="3802.48"
	>
	<Testing>
		<StartDateTime>May 31 15:04 MDT</StartDateTime>
		<StartTestTime>1717189483</StartTestTime>
		<TestList/>
		<EndDateTime>May 31 15:04 MDT</EndDateTime>
		<EndTestTime>1717189483</EndTestTime>
		<ElapsedMinutes>0</ElapsedMinutes>
	</Testing>
</Site>
